Loaded tokens for normal account
Auth token expired or nearing expiry for normal account, refreshing...
Token refreshed successfully for normal account
Valid normal user tokens found, skipping authentication prompt.
Tokens updated and saved for normal account
Tokens updated and saved for normal account
Loaded tokens for normal account
Valid normal user tokens found, skipping authentication prompt.
Loaded tokens for normal account
Valid normal user tokens found, skipping authentication prompt.
INFO:mcp.server.lowlevel.server:Processing request of type CallToolRequest
INFO:mcp.server.lowlevel.server:Warning: InsecureRequestWarning: Unverified HTTPS request is being made to host '127.0.0.1'. Adding certificate verification is strongly advised. See: https://urllib3.readthedocs.io/en/latest/advanced-usage.html#tls-warnings
INFO:mcp.server.lowlevel.server:Processing request of type ListToolsRequest
INFO:mcp.server.lowlevel.server:Processing request of type CallToolRequest
INFO:mcp.server.lowlevel.server:Warning: InsecureRequestWarning: Unverified HTTPS request is being made to host '127.0.0.1'. Adding certificate verification is strongly advised. See: https://urllib3.readthedocs.io/en/latest/advanced-usage.html#tls-warnings
INFO:mcp.server.lowlevel.server:Processing request of type CallToolRequest
INFO:mcp.server.lowlevel.server:Warning: InsecureRequestWarning: Unverified HTTPS request is being made to host '127.0.0.1'. Adding certificate verification is strongly advised. See: https://urllib3.readthedocs.io/en/latest/advanced-usage.html#tls-warnings
INFO:mcp.server.lowlevel.server:Processing request of type CallToolRequest
INFO:mcp.server.lowlevel.server:Warning: InsecureRequestWarning: Unverified HTTPS request is being made to host '127.0.0.1'. Adding certificate verification is strongly advised. See: https://urllib3.readthedocs.io/en/latest/advanced-usage.html#tls-warnings
INFO:mcp.server.lowlevel.server:Processing request of type CallToolRequest
INFO:mcp.server.lowlevel.server:Warning: InsecureRequestWarning: Unverified HTTPS request is being made to host '127.0.0.1'. Adding certificate verification is strongly advised. See: https://urllib3.readthedocs.io/en/latest/advanced-usage.html#tls-warnings
INFO:mcp.server.lowlevel.server:Processing request of type CallToolRequest
INFO:mcp.server.lowlevel.server:Warning: InsecureRequestWarning: Unverified HTTPS request is being made to host '127.0.0.1'. Adding certificate verification is strongly advised. See: https://urllib3.readthedocs.io/en/latest/advanced-usage.html#tls-warnings
INFO:mcp.server.lowlevel.server:Processing request of type CallToolRequest
INFO:mcp.server.lowlevel.server:Warning: InsecureRequestWarning: Unverified HTTPS request is being made to host '127.0.0.1'. Adding certificate verification is strongly advised. See: https://urllib3.readthedocs.io/en/latest/advanced-usage.html#tls-warnings
INFO:mcp.server.lowlevel.server:Processing request of type ListToolsRequest
INFO:mcp.server.lowlevel.server:Processing request of type CallToolRequest
INFO:mcp.server.lowlevel.server:Warning: InsecureRequestWarning: Unverified HTTPS request is being made to host '127.0.0.1'. Adding certificate verification is strongly advised. See: https://urllib3.readthedocs.io/en/latest/advanced-usage.html#tls-warnings
INFO:mcp.server.lowlevel.server:Processing request of type CallToolRequest
INFO:mcp.server.lowlevel.server:Warning: InsecureRequestWarning: Unverified HTTPS request is being made to host '127.0.0.1'. Adding certificate verification is strongly advised. See: https://urllib3.readthedocs.io/en/latest/advanced-usage.html#tls-warnings
INFO:mcp.server.lowlevel.server:Processing request of type CallToolRequest
INFO:mcp.server.lowlevel.server:Warning: InsecureRequestWarning: Unverified HTTPS request is being made to host '127.0.0.1'. Adding certificate verification is strongly advised. See: https://urllib3.readthedocs.io/en/latest/advanced-usage.html#tls-warnings
INFO:mcp.server.lowlevel.server:Processing request of type CallToolRequest
INFO:mcp.server.lowlevel.server:Warning: InsecureRequestWarning: Unverified HTTPS request is being made to host '127.0.0.1'. Adding certificate verification is strongly advised. See: https://urllib3.readthedocs.io/en/latest/advanced-usage.html#tls-warnings
INFO:mcp.server.lowlevel.server:Processing request of type CallToolRequest
INFO:mcp.server.lowlevel.server:Warning: InsecureRequestWarning: Unverified HTTPS request is being made to host '127.0.0.1'. Adding certificate verification is strongly advised. See: https://urllib3.readthedocs.io/en/latest/advanced-usage.html#tls-warnings
INFO:mcp.server.lowlevel.server:Processing request of type CallToolRequest
INFO:mcp.server.lowlevel.server:Warning: InsecureRequestWarning: Unverified HTTPS request is being made to host '127.0.0.1'. Adding certificate verification is strongly advised. See: https://urllib3.readthedocs.io/en/latest/advanced-usage.html#tls-warnings
INFO:mcp.server.lowlevel.server:Processing request of type CallToolRequest
INFO:mcp.server.lowlevel.server:Warning: InsecureRequestWarning: Unverified HTTPS request is being made to host '127.0.0.1'. Adding certificate verification is strongly advised. See: https://urllib3.readthedocs.io/en/latest/advanced-usage.html#tls-warnings
INFO:mcp.server.lowlevel.server:Processing request of type CallToolRequest
INFO:mcp.server.lowlevel.server:Warning: InsecureRequestWarning: Unverified HTTPS request is being made to host '127.0.0.1'. Adding certificate verification is strongly advised. See: https://urllib3.readthedocs.io/en/latest/advanced-usage.html#tls-warnings
INFO:mcp.server.lowlevel.server:Processing request of type CallToolRequest
INFO:mcp.server.lowlevel.server:Warning: InsecureRequestWarning: Unverified HTTPS request is being made to host '127.0.0.1'. Adding certificate verification is strongly advised. See: https://urllib3.readthedocs.io/en/latest/advanced-usage.html#tls-warnings
INFO:mcp.server.lowlevel.server:Processing request of type CallToolRequest
INFO:mcp.server.lowlevel.server:Warning: InsecureRequestWarning: Unverified HTTPS request is being made to host '127.0.0.1'. Adding certificate verification is strongly advised. See: https://urllib3.readthedocs.io/en/latest/advanced-usage.html#tls-warnings
INFO:mcp.server.lowlevel.server:Processing request of type CallToolRequest
INFO:mcp.server.lowlevel.server:Warning: InsecureRequestWarning: Unverified HTTPS request is being made to host '127.0.0.1'. Adding certificate verification is strongly advised. See: https://urllib3.readthedocs.io/en/latest/advanced-usage.html#tls-warnings
INFO:mcp.server.lowlevel.server:Processing request of type CallToolRequest
INFO:mcp.server.lowlevel.server:Warning: InsecureRequestWarning: Unverified HTTPS request is being made to host '127.0.0.1'. Adding certificate verification is strongly advised. See: https://urllib3.readthedocs.io/en/latest/advanced-usage.html#tls-warnings
INFO:mcp.server.lowlevel.server:Processing request of type CallToolRequest
INFO:mcp.server.lowlevel.server:Warning: InsecureRequestWarning: Unverified HTTPS request is being made to host '127.0.0.1'. Adding certificate verification is strongly advised. See: https://urllib3.readthedocs.io/en/latest/advanced-usage.html#tls-warnings
INFO:mcp.server.lowlevel.server:Processing request of type CallToolRequest
INFO:mcp.server.lowlevel.server:Warning: InsecureRequestWarning: Unverified HTTPS request is being made to host '127.0.0.1'. Adding certificate verification is strongly advised. See: https://urllib3.readthedocs.io/en/latest/advanced-usage.html#tls-warnings
INFO:mcp.server.lowlevel.server:Processing request of type CallToolRequest
INFO:mcp.server.lowlevel.server:Warning: InsecureRequestWarning: Unverified HTTPS request is being made to host '127.0.0.1'. Adding certificate verification is strongly advised. See: https://urllib3.readthedocs.io/en/latest/advanced-usage.html#tls-warnings
INFO:mcp.server.lowlevel.server:Processing request of type CallToolRequest
INFO:mcp.server.lowlevel.server:Warning: InsecureRequestWarning: Unverified HTTPS request is being made to host '127.0.0.1'. Adding certificate verification is strongly advised. See: https://urllib3.readthedocs.io/en/latest/advanced-usage.html#tls-warnings
/Users/chris/source/airss/venv/lib/python3.13/site-packages/joblib/externals/loky/backend/context.py:131: UserWarning: Could not find the number of physical cores for the following reason:
[Errno 2] No such file or directory: 'sysctl'
Returning the number of logical cores instead. You can silence this warning by setting LOKY_MAX_CPU_COUNT to the number of cores you want to use.
  warnings.warn(
  File "/Users/chris/source/airss/venv/lib/python3.13/site-packages/joblib/externals/loky/backend/context.py", line 249, in _count_physical_cores
    cpu_count_physical = _count_physical_cores_darwin()
  File "/Users/chris/source/airss/venv/lib/python3.13/site-packages/joblib/externals/loky/backend/context.py", line 312, in _count_physical_cores_darwin
    cpu_info = subprocess.run(
        "sysctl -n hw.physicalcpu".split(),
        capture_output=True,
        text=True,
    )
  File "/opt/homebrew/Cellar/python@3.13/3.13.5/Frameworks/Python.framework/Versions/3.13/lib/python3.13/subprocess.py", line 554, in run
    with Popen(*popenargs, **kwargs) as process:
         ~~~~~^^^^^^^^^^^^^^^^^^^^^^
  File "/opt/homebrew/Cellar/python@3.13/3.13.5/Frameworks/Python.framework/Versions/3.13/lib/python3.13/subprocess.py", line 1039, in __init__
    self._execute_child(args, executable, preexec_fn, close_fds,
    ~~~~~~~~~~~~~~~~~~~^^^^^^^^^^^^^^^^^^^^^^^^^^^^^^^^^^^^^^^^^
                        pass_fds, cwd, env,
                        ^^^^^^^^^^^^^^^^^^^
    ...<5 lines>...
                        gid, gids, uid, umask,
                        ^^^^^^^^^^^^^^^^^^^^^^
                        start_new_session, process_group)
                        ^^^^^^^^^^^^^^^^^^^^^^^^^^^^^^^^^
  File "/opt/homebrew/Cellar/python@3.13/3.13.5/Frameworks/Python.framework/Versions/3.13/lib/python3.13/subprocess.py", line 1972, in _execute_child
    raise child_exception_type(errno_num, err_msg, err_filename)
Traceback (most recent call last):
  File "/Users/chris/source/airss/daily_workflow.py", line 414, in <module>
    asyncio.run(main())
    ~~~~~~~~~~~^^^^^^^^
  File "/opt/homebrew/Cellar/python@3.13/3.13.5/Frameworks/Python.framework/Versions/3.13/lib/python3.13/asyncio/runners.py", line 195, in run
    return runner.run(main)
           ~~~~~~~~~~^^^^^^
  File "/opt/homebrew/Cellar/python@3.13/3.13.5/Frameworks/Python.framework/Versions/3.13/lib/python3.13/asyncio/runners.py", line 118, in run
    return self._loop.run_until_complete(task)
           ~~~~~~~~~~~~~~~~~~~~~~~~~~~~~^^^^^^
  File "/opt/homebrew/Cellar/python@3.13/3.13.5/Frameworks/Python.framework/Versions/3.13/lib/python3.13/asyncio/base_events.py", line 725, in run_until_complete
    return future.result()
           ~~~~~~~~~~~~~^^
  File "/Users/chris/source/airss/daily_workflow.py", line 290, in main
    accept = airss_base.rank_articles(accept, ["machine learning", "computational linguistics", "large language models", "embeddings", "transformers", "statistical methodology", "theoretical foundations of AI systems", "representation learning","not strictly theory", "intersection of computer science with statistical applications","not AGI", "not autonomous vehicles", "not protein folding", "not fraud", "not reinforcement learning policies", "not games"])
  File "/Users/chris/source/airss/airss_base.py", line 91, in rank_articles
    sorteds = zip(closest, articles).sort(key=lambda x: x[0], reverse=True)
              ^^^^^^^^^^^^^^^^^^^^^^^^^^^
AttributeError: 'zip' object has no attribute 'sort'
Loaded tokens for normal account
Auth token expired or nearing expiry for normal account, refreshing...
Token refreshed successfully for normal account
Valid normal user tokens found, skipping authentication prompt.
Tokens updated and saved for normal account
Tokens updated and saved for normal account
INFO:mcp.server.lowlevel.server:Processing request of type CallToolRequest
INFO:mcp.server.lowlevel.server:Warning: InsecureRequestWarning: Unverified HTTPS request is being made to host '127.0.0.1'. Adding certificate verification is strongly advised. See: https://urllib3.readthedocs.io/en/latest/advanced-usage.html#tls-warnings
INFO:mcp.server.lowlevel.server:Processing request of type ListToolsRequest
INFO:mcp.server.lowlevel.server:Processing request of type CallToolRequest
INFO:mcp.server.lowlevel.server:Warning: InsecureRequestWarning: Unverified HTTPS request is being made to host '127.0.0.1'. Adding certificate verification is strongly advised. See: https://urllib3.readthedocs.io/en/latest/advanced-usage.html#tls-warnings
INFO:mcp.server.lowlevel.server:Processing request of type CallToolRequest
INFO:mcp.server.lowlevel.server:Warning: InsecureRequestWarning: Unverified HTTPS request is being made to host '127.0.0.1'. Adding certificate verification is strongly advised. See: https://urllib3.readthedocs.io/en/latest/advanced-usage.html#tls-warnings
INFO:mcp.server.lowlevel.server:Processing request of type CallToolRequest
INFO:mcp.server.lowlevel.server:Warning: InsecureRequestWarning: Unverified HTTPS request is being made to host '127.0.0.1'. Adding certificate verification is strongly advised. See: https://urllib3.readthedocs.io/en/latest/advanced-usage.html#tls-warnings
INFO:mcp.server.lowlevel.server:Processing request of type CallToolRequest
INFO:mcp.server.lowlevel.server:Warning: InsecureRequestWarning: Unverified HTTPS request is being made to host '127.0.0.1'. Adding certificate verification is strongly advised. See: https://urllib3.readthedocs.io/en/latest/advanced-usage.html#tls-warnings
INFO:mcp.server.lowlevel.server:Processing request of type CallToolRequest
INFO:mcp.server.lowlevel.server:Warning: InsecureRequestWarning: Unverified HTTPS request is being made to host '127.0.0.1'. Adding certificate verification is strongly advised. See: https://urllib3.readthedocs.io/en/latest/advanced-usage.html#tls-warnings
INFO:mcp.server.lowlevel.server:Processing request of type CallToolRequest
INFO:mcp.server.lowlevel.server:Warning: InsecureRequestWarning: Unverified HTTPS request is being made to host '127.0.0.1'. Adding certificate verification is strongly advised. See: https://urllib3.readthedocs.io/en/latest/advanced-usage.html#tls-warnings
INFO:mcp.server.lowlevel.server:Processing request of type ListToolsRequest
Loaded tokens for normal account
Auth token expired or nearing expiry for normal account, refreshing...
Token refreshed successfully for normal account
Valid normal user tokens found, skipping authentication prompt.
Tokens updated and saved for normal account
Tokens updated and saved for normal account
Loaded tokens for normal account
Auth token expired or nearing expiry for normal account, refreshing...
Error refreshing auth token for normal account: Invalid grant. Token likely expired or revoked. Please re-authenticate.
Auth token expired or nearing expiry for normal account, refreshing...
Error refreshing auth token for normal account: Invalid grant. Token likely expired or revoked. Please re-authenticate.

ðŸ”— Authentication URL: https://accounts.google.com/o/oauth2/v2/auth?access_type=offline&scope=https%3A%2F%2Fwww.googleapis.com%2Fauth%2Fcalendar&prompt=consent&response_type=code&client_id=192875136587-sheualtk6jc621rmqa5u4j3ujbb0tmmu.apps.googleusercontent.com&redirect_uri=http%3A%2F%2Flocalhost%3A3500%2Foauth2callback

Or visit: http://localhost:3500

Browser opened automatically. If it didn't open, use the URL above.
Successfully authenticated user.
Auth token expired or nearing expiry for normal account, refreshing...
Error refreshing auth token for normal account: Invalid grant. Token likely expired or revoked. Please re-authenticate.
Auth token expired or nearing expiry for normal account, refreshing...
Error refreshing auth token for normal account: Invalid grant. Token likely expired or revoked. Please re-authenticate.
Auth token expired or nearing expiry for normal account, refreshing...
Error refreshing auth token for normal account: Invalid grant. Token likely expired or revoked. Please re-authenticate.
Auth token expired or nearing expiry for normal account, refreshing...
Error refreshing auth token for normal account: Invalid grant. Token likely expired or revoked. Please re-authenticate.
Traceback (most recent call last):
  File "/Users/chris/source/airss/venv/lib/python3.13/site-packages/urllib3/connection.py", line 198, in _new_conn
    sock = connection.create_connection(
        (self._dns_host, self.port),
    ...<2 lines>...
        socket_options=self.socket_options,
    )
  File "/Users/chris/source/airss/venv/lib/python3.13/site-packages/urllib3/util/connection.py", line 60, in create_connection
    for res in socket.getaddrinfo(host, port, family, socket.SOCK_STREAM):
               ~~~~~~~~~~~~~~~~~~^^^^^^^^^^^^^^^^^^^^^^^^^^^^^^^^^^^^^^^^
  File "/opt/homebrew/Cellar/python@3.13/3.13.5/Frameworks/Python.framework/Versions/3.13/lib/python3.13/socket.py", line 977, in getaddrinfo
    for res in _socket.getaddrinfo(host, port, family, type, proto, flags):
               ~~~~~~~~~~~~~~~~~~~^^^^^^^^^^^^^^^^^^^^^^^^^^^^^^^^^^^^^^^^
socket.gaierror: [Errno 8] nodename nor servname provided, or not known

The above exception was the direct cause of the following exception:

Traceback (most recent call last):
  File "/Users/chris/source/airss/venv/lib/python3.13/site-packages/urllib3/connectionpool.py", line 787, in urlopen
    response = self._make_request(
        conn,
    ...<10 lines>...
        **response_kw,
    )
  File "/Users/chris/source/airss/venv/lib/python3.13/site-packages/urllib3/connectionpool.py", line 488, in _make_request
    raise new_e
  File "/Users/chris/source/airss/venv/lib/python3.13/site-packages/urllib3/connectionpool.py", line 464, in _make_request
    self._validate_conn(conn)
    ~~~~~~~~~~~~~~~~~~~^^^^^^
  File "/Users/chris/source/airss/venv/lib/python3.13/site-packages/urllib3/connectionpool.py", line 1093, in _validate_conn
    conn.connect()
    ~~~~~~~~~~~~^^
  File "/Users/chris/source/airss/venv/lib/python3.13/site-packages/urllib3/connection.py", line 753, in connect
    self.sock = sock = self._new_conn()
                       ~~~~~~~~~~~~~~^^
  File "/Users/chris/source/airss/venv/lib/python3.13/site-packages/urllib3/connection.py", line 205, in _new_conn
    raise NameResolutionError(self.host, self, e) from e
urllib3.exceptions.NameResolutionError: <urllib3.connection.HTTPSConnection object at 0x10b0cd6a0>: Failed to resolve 'oauth2.googleapis.com' ([Errno 8] nodename nor servname provided, or not known)

The above exception was the direct cause of the following exception:

Traceback (most recent call last):
  File "/Users/chris/source/airss/venv/lib/python3.13/site-packages/requests/adapters.py", line 667, in send
    resp = conn.urlopen(
        method=request.method,
    ...<9 lines>...
        chunked=chunked,
    )
  File "/Users/chris/source/airss/venv/lib/python3.13/site-packages/urllib3/connectionpool.py", line 841, in urlopen
    retries = retries.increment(
        method, url, error=new_e, _pool=self, _stacktrace=sys.exc_info()[2]
    )
  File "/Users/chris/source/airss/venv/lib/python3.13/site-packages/urllib3/util/retry.py", line 519, in increment
    raise MaxRetryError(_pool, url, reason) from reason  # type: ignore[arg-type]
    ^^^^^^^^^^^^^^^^^^^^^^^^^^^^^^^^^^^^^^^^^^^^^^^^^^^
urllib3.exceptions.MaxRetryError: HTTPSConnectionPool(host='oauth2.googleapis.com', port=443): Max retries exceeded with url: /token (Caused by NameResolutionError("<urllib3.connection.HTTPSConnection object at 0x10b0cd6a0>: Failed to resolve 'oauth2.googleapis.com' ([Errno 8] nodename nor servname provided, or not known)"))

During handling of the above exception, another exception occurred:

Traceback (most recent call last):
  File "/Users/chris/source/airss/venv/lib/python3.13/site-packages/google/auth/transport/requests.py", line 187, in __call__
    response = self.session.request(
        method, url, data=body, headers=headers, timeout=timeout, **kwargs
    )
  File "/Users/chris/source/airss/venv/lib/python3.13/site-packages/requests/sessions.py", line 589, in request
    resp = self.send(prep, **send_kwargs)
  File "/Users/chris/source/airss/venv/lib/python3.13/site-packages/requests/sessions.py", line 703, in send
    r = adapter.send(request, **kwargs)
  File "/Users/chris/source/airss/venv/lib/python3.13/site-packages/requests/adapters.py", line 700, in send
    raise ConnectionError(e, request=request)
requests.exceptions.ConnectionError: HTTPSConnectionPool(host='oauth2.googleapis.com', port=443): Max retries exceeded with url: /token (Caused by NameResolutionError("<urllib3.connection.HTTPSConnection object at 0x10b0cd6a0>: Failed to resolve 'oauth2.googleapis.com' ([Errno 8] nodename nor servname provided, or not known)"))

The above exception was the direct cause of the following exception:

Traceback (most recent call last):
  File "/Users/chris/source/airss/daily_workflow.py", line 449, in <module>
    asyncio.run(main())
    ~~~~~~~~~~~^^^^^^^^
  File "/opt/homebrew/Cellar/python@3.13/3.13.5/Frameworks/Python.framework/Versions/3.13/lib/python3.13/asyncio/runners.py", line 195, in run
    return runner.run(main)
           ~~~~~~~~~~^^^^^^
  File "/opt/homebrew/Cellar/python@3.13/3.13.5/Frameworks/Python.framework/Versions/3.13/lib/python3.13/asyncio/runners.py", line 118, in run
    return self._loop.run_until_complete(task)
           ~~~~~~~~~~~~~~~~~~~~~~~~~~~~~^^^^^^
  File "/opt/homebrew/Cellar/python@3.13/3.13.5/Frameworks/Python.framework/Versions/3.13/lib/python3.13/asyncio/base_events.py", line 725, in run_until_complete
    return future.result()
           ~~~~~~~~~~~~~^^
  File "/Users/chris/source/airss/daily_workflow.py", line 183, in main
    cals = calendar_manually.upcoming()
  File "/Users/chris/source/airss/calendar_manually.py", line 80, in upcoming
    creds = token_business()
  File "/Users/chris/source/airss/calendar_manually.py", line 26, in token_business
    creds.refresh(Request())
    ~~~~~~~~~~~~~^^^^^^^^^^^
  File "/Users/chris/source/airss/venv/lib/python3.13/site-packages/google/oauth2/credentials.py", line 409, in refresh
    ) = reauth.refresh_grant(
        ~~~~~~~~~~~~~~~~~~~~^
        request,
        ^^^^^^^^
    ...<6 lines>...
        enable_reauth_refresh=self._enable_reauth_refresh,
        ^^^^^^^^^^^^^^^^^^^^^^^^^^^^^^^^^^^^^^^^^^^^^^^^^^
    )
    ^
  File "/Users/chris/source/airss/venv/lib/python3.13/site-packages/google/oauth2/reauth.py", line 333, in refresh_grant
    response_status_ok, response_data, retryable_error = _client._token_endpoint_request_no_throw(
                                                         ~~~~~~~~~~~~~~~~~~~~~~~~~~~~~~~~~~~~~~~~^
        request, token_uri, body, headers=metrics_header
        ^^^^^^^^^^^^^^^^^^^^^^^^^^^^^^^^^^^^^^^^^^^^^^^^
    )
    ^
  File "/Users/chris/source/airss/venv/lib/python3.13/site-packages/google/oauth2/_client.py", line 192, in _token_endpoint_request_no_throw
    response = request(
        method="POST", url=token_uri, headers=headers_to_use, body=body, **kwargs
    )
  File "/Users/chris/source/airss/venv/lib/python3.13/site-packages/google/auth/transport/requests.py", line 194, in __call__
    raise new_exc from caught_exc
google.auth.exceptions.TransportError: HTTPSConnectionPool(host='oauth2.googleapis.com', port=443): Max retries exceeded with url: /token (Caused by NameResolutionError("<urllib3.connection.HTTPSConnection object at 0x10b0cd6a0>: Failed to resolve 'oauth2.googleapis.com' ([Errno 8] nodename nor servname provided, or not known)"))
Loaded tokens for normal account
Auth token expired or nearing expiry for normal account, refreshing...
Token refreshed successfully for normal account
Valid normal user tokens found, skipping authentication prompt.
Tokens updated and saved for normal account
Tokens updated and saved for normal account
Loaded tokens for normal account
Auth token expired or nearing expiry for normal account, refreshing...
Token refreshed successfully for normal account
Valid normal user tokens found, skipping authentication prompt.
Tokens updated and saved for normal account
Tokens updated and saved for normal account
Loaded tokens for normal account
Auth token expired or nearing expiry for normal account, refreshing...
Token refreshed successfully for normal account
Valid normal user tokens found, skipping authentication prompt.
Tokens updated and saved for normal account
Tokens updated and saved for normal account
Traceback (most recent call last):
  File "/Users/chris/source/airss/daily_workflow.py", line 59, in <module>
    asyncio.run(main())
    ~~~~~~~~~~~^^^^^^^^
  File "/opt/homebrew/Cellar/python@3.13/3.13.5/Frameworks/Python.framework/Versions/3.13/lib/python3.13/asyncio/runners.py", line 195, in run
    return runner.run(main)
           ~~~~~~~~~~^^^^^^
  File "/opt/homebrew/Cellar/python@3.13/3.13.5/Frameworks/Python.framework/Versions/3.13/lib/python3.13/asyncio/runners.py", line 118, in run
    return self._loop.run_until_complete(task)
           ~~~~~~~~~~~~~~~~~~~~~~~~~~~~~^^^^^^
  File "/opt/homebrew/Cellar/python@3.13/3.13.5/Frameworks/Python.framework/Versions/3.13/lib/python3.13/asyncio/base_events.py", line 725, in run_until_complete
    return future.result()
           ~~~~~~~~~~~~~^^
  File "/Users/chris/source/airss/daily_workflow.py", line 53, in main
    xx.pull_data()
    ~~~~~~~~~~~~^^
  File "/Users/chris/source/airss/modules/journal.py", line 21, in pull_data
    cals = calendar_manually.upcoming()
  File "/Users/chris/source/airss/calendar_manually.py", line 80, in upcoming
    creds = token_business()
  File "/Users/chris/source/airss/calendar_manually.py", line 26, in token_business
    creds.refresh(Request())
    ~~~~~~~~~~~~~^^^^^^^^^^^
  File "/Users/chris/source/airss/venv/lib/python3.13/site-packages/google/oauth2/credentials.py", line 409, in refresh
    ) = reauth.refresh_grant(
        ~~~~~~~~~~~~~~~~~~~~^
        request,
        ^^^^^^^^
    ...<6 lines>...
        enable_reauth_refresh=self._enable_reauth_refresh,
        ^^^^^^^^^^^^^^^^^^^^^^^^^^^^^^^^^^^^^^^^^^^^^^^^^^
    )
    ^
  File "/Users/chris/source/airss/venv/lib/python3.13/site-packages/google/oauth2/reauth.py", line 366, in refresh_grant
    _client._handle_error_response(response_data, retryable_error)
    ~~~~~~~~~~~~~~~~~~~~~~~~~~~~~~^^^^^^^^^^^^^^^^^^^^^^^^^^^^^^^^
  File "/Users/chris/source/airss/venv/lib/python3.13/site-packages/google/oauth2/_client.py", line 69, in _handle_error_response
    raise exceptions.RefreshError(
        error_details, response_data, retryable=retryable_error
    )
google.auth.exceptions.RefreshError: ('invalid_grant: Token has been expired or revoked.', {'error': 'invalid_grant', 'error_description': 'Token has been expired or revoked.'})
Loaded tokens for normal account
Auth token expired or nearing expiry for normal account, refreshing...
Token refreshed successfully for normal account
Valid normal user tokens found, skipping authentication prompt.
Tokens updated and saved for normal account
Tokens updated and saved for normal account
Traceback (most recent call last):
  File "/Users/chris/source/airss/daily_workflow.py", line 59, in <module>
    asyncio.run(main())
    ~~~~~~~~~~~^^^^^^^^
  File "/opt/homebrew/Cellar/python@3.13/3.13.5/Frameworks/Python.framework/Versions/3.13/lib/python3.13/asyncio/runners.py", line 195, in run
    return runner.run(main)
           ~~~~~~~~~~^^^^^^
  File "/opt/homebrew/Cellar/python@3.13/3.13.5/Frameworks/Python.framework/Versions/3.13/lib/python3.13/asyncio/runners.py", line 118, in run
    return self._loop.run_until_complete(task)
           ~~~~~~~~~~~~~~~~~~~~~~~~~~~~~^^^^^^
  File "/opt/homebrew/Cellar/python@3.13/3.13.5/Frameworks/Python.framework/Versions/3.13/lib/python3.13/asyncio/base_events.py", line 725, in run_until_complete
    return future.result()
           ~~~~~~~~~~~~~^^
  File "/Users/chris/source/airss/daily_workflow.py", line 53, in main
    xx.pull_data()
    ~~~~~~~~~~~~^^
  File "/Users/chris/source/airss/modules/journal.py", line 21, in pull_data
    cals = calendar_manually.upcoming()
  File "/Users/chris/source/airss/calendar_manually.py", line 80, in upcoming
    creds = token_business()
  File "/Users/chris/source/airss/calendar_manually.py", line 26, in token_business
    creds.refresh(Request())
    ~~~~~~~~~~~~~^^^^^^^^^^^
  File "/Users/chris/source/airss/venv/lib/python3.13/site-packages/google/oauth2/credentials.py", line 409, in refresh
    ) = reauth.refresh_grant(
        ~~~~~~~~~~~~~~~~~~~~^
        request,
        ^^^^^^^^
    ...<6 lines>...
        enable_reauth_refresh=self._enable_reauth_refresh,
        ^^^^^^^^^^^^^^^^^^^^^^^^^^^^^^^^^^^^^^^^^^^^^^^^^^
    )
    ^
  File "/Users/chris/source/airss/venv/lib/python3.13/site-packages/google/oauth2/reauth.py", line 366, in refresh_grant
    _client._handle_error_response(response_data, retryable_error)
    ~~~~~~~~~~~~~~~~~~~~~~~~~~~~~~^^^^^^^^^^^^^^^^^^^^^^^^^^^^^^^^
  File "/Users/chris/source/airss/venv/lib/python3.13/site-packages/google/oauth2/_client.py", line 69, in _handle_error_response
    raise exceptions.RefreshError(
        error_details, response_data, retryable=retryable_error
    )
google.auth.exceptions.RefreshError: ('invalid_grant: Token has been expired or revoked.', {'error': 'invalid_grant', 'error_description': 'Token has been expired or revoked.'})
Loaded tokens for normal account
Auth token expired or nearing expiry for normal account, refreshing...
Token refreshed successfully for normal account
Valid normal user tokens found, skipping authentication prompt.
Tokens updated and saved for normal account
Tokens updated and saved for normal account
npm notice
npm notice New minor version of npm available! 11.4.2 -> 11.5.2
npm notice Changelog: https://github.com/npm/cli/releases/tag/v11.5.2
npm notice To update run: npm install -g npm@11.5.2
npm notice
Loaded tokens for normal account
Auth token expired or nearing expiry for normal account, refreshing...
Token refreshed successfully for normal account
Valid normal user tokens found, skipping authentication prompt.
Tokens updated and saved for normal account
Tokens updated and saved for normal account
